
> status-page@0.1.0 build
> next build

   ▲ Next.js 15.5.2
   - Environments: .env.local

   Creating an optimized production build ...
 ✓ Compiled successfully in 1496ms
   Linting and checking validity of types ...
   Collecting page data ...
   Generating static pages (0/3) ...
 ✓ Generating static pages (3/3)
   Finalizing page optimization ...
   Collecting build traces ...

Route (app)                                 Size  First Load JS
┌ ƒ /                                    15.5 kB         121 kB
└ ○ /_not-found                            988 B         103 kB
+ First Load JS shared by all             102 kB
  ├ chunks/18-ef38cc2f87045b34.js        45.9 kB
  ├ chunks/87c73c54-24122e7b92478d00.js  54.2 kB
  └ other shared chunks (total)          2.06 kB


○  (Static)   prerendered as static content
ƒ  (Dynamic)  server-rendered on demand

