
> admin-portal@0.1.0 build
> next build

 ⚠ Warning: Next.js inferred your workspace root, but it may not be correct.
 We detected multiple lockfiles and selected the directory of C:\Users\mikes\Documents\property-pasalo-ecosystem\package-lock.json as the root directory.
 To silence this warning, set `outputFileTracingRoot` in your Next.js config, or consider removing one of the lockfiles if it's not needed.
   See https://nextjs.org/docs/app/api-reference/config/next-config-js/output#caveats for more information.
 Detected additional lockfiles: 
   * C:\Users\mikes\Documents\property-pasalo-ecosystem\apps\admin-portal\package-lock.json

   ▲ Next.js 15.5.2
   - Environments: .env.local

   Creating an optimized production build ...
 ✓ Compiled successfully in 2.0s
   Skipping linting
   Checking validity of types ...
   Collecting page data ...
   Generating static pages (0/18) ...
   Generating static pages (4/18) 
   Generating static pages (8/18) 
   Generating static pages (13/18) 
 ✓ Generating static pages (18/18)
   Finalizing page optimization ...
   Collecting build traces ...

Route (app)                                 Size  First Load JS
┌ ○ /                                    1.28 kB         183 kB
├ ○ /_not-found                            990 B         103 kB
├ ○ /activities                          1.61 kB         184 kB
├ ○ /agent-profile                       2.74 kB         185 kB
├ ○ /agents                               2.4 kB         190 kB
├ ○ /clients                             3.52 kB         186 kB
├ ○ /content                             22.5 kB         204 kB
├ ○ /dashboard                           1.81 kB         184 kB
├ ○ /homeowners                           1.2 kB         189 kB
├ ○ /inquiries                           1.66 kB         184 kB
├ ○ /listings                            1.74 kB         192 kB
├ ○ /listings/create                       124 B         102 kB
├ ƒ /listings/edit/[id]                    140 B         186 kB
├ ○ /listings/new                          140 B         186 kB
├ ○ /settings                            1.49 kB         183 kB
├ ○ /status                              1.84 kB         184 kB
└ ○ /testimonials                        3.12 kB         185 kB
+ First Load JS shared by all             102 kB
  ├ chunks/18-ef38cc2f87045b34.js        45.9 kB
  ├ chunks/87c73c54-24122e7b92478d00.js  54.2 kB
  └ other shared chunks (total)          2.12 kB


○  (Static)   prerendered as static content
ƒ  (Dynamic)  server-rendered on demand

